18/01/2018 09:31:28 PM Intento localhost Conectado con el servidor
18/01/2018 09:31:28 PM Intento localhost Clave Publica Enviada
18/01/2018 09:33:36 PM Intento localhost Conectado con el servidor
18/01/2018 09:33:36 PM Intento localhost Clave Publica Enviada
18/01/2018 09:33:36 PM Intento localhost Claves recibidas
18/01/2018 09:33:36 PM Intento localhost Firma Claves Verificada
18/01/2018 09:33:36 PM Intento localhost Mensaje Encriptado Enviado
18/01/2018 09:33:55 PM Intento localhost Conectado con el servidor
18/01/2018 09:33:55 PM Intento localhost Clave Publica Enviada
18/01/2018 09:33:55 PM Intento localhost Claves recibidas
18/01/2018 09:33:55 PM Intento localhost Firma Claves Verificada
18/01/2018 09:33:55 PM Intento localhost Mensaje Encriptado Enviado
18/01/2018 09:34:01 PM Intento localhost Conectado con el servidor
18/01/2018 09:34:01 PM Intento localhost Clave Publica Enviada
18/01/2018 09:34:01 PM Intento localhost Claves recibidas
18/01/2018 09:34:01 PM Intento localhost Firma Claves Verificada
18/01/2018 09:34:01 PM Intento localhost Mensaje Encriptado Enviado
18/01/2018 09:34:07 PM Intento localhost Conectado con el servidor
18/01/2018 09:34:07 PM Intento localhost Clave Publica Enviada
18/01/2018 09:34:07 PM Intento localhost Claves recibidas
18/01/2018 09:34:07 PM Intento localhost Firma Claves Verificada
18/01/2018 09:34:07 PM Intento localhost Mensaje Encriptado Enviado
18/01/2018 09:34:14 PM Intento localhost Conectado con el servidor
18/01/2018 09:34:14 PM Intento localhost Clave Publica Enviada
18/01/2018 09:34:14 PM Intento localhost Claves recibidas
18/01/2018 09:34:14 PM Intento localhost Firma Claves Verificada
18/01/2018 09:34:14 PM Intento localhost Mensaje Encriptado Enviado
18/01/2018 09:39:40 PM Intento localhost Conectado con el servidor
18/01/2018 09:39:40 PM Intento localhost Clave Publica Enviada
18/01/2018 09:40:11 PM Intento localhost Conectado con el servidor
18/01/2018 09:40:11 PM Intento localhost Clave Publica Enviada
18/01/2018 09:40:11 PM Intento localhost Claves recibidas
18/01/2018 09:40:11 PM Intento localhost Firma Claves Verificada
18/01/2018 09:40:11 PM Intento localhost Mensaje Encriptado Enviado
18/01/2018 09:40:14 PM Intento localhost Conectado con el servidor
18/01/2018 09:40:14 PM Intento localhost Clave Publica Enviada
18/01/2018 09:40:14 PM Intento localhost Claves recibidas
18/01/2018 09:40:14 PM Intento localhost Firma Claves Verificada
18/01/2018 09:40:14 PM Intento localhost Mensaje Encriptado Enviado
18/01/2018 09:40:17 PM Intento localhost Conectado con el servidor
18/01/2018 09:40:17 PM Intento localhost Clave Publica Enviada
18/01/2018 09:40:17 PM Intento localhost Claves recibidas
18/01/2018 09:40:17 PM Intento localhost Firma Claves Verificada
18/01/2018 09:40:17 PM Intento localhost Mensaje Encriptado Enviado
18/01/2018 09:40:20 PM Intento localhost Conectado con el servidor
18/01/2018 09:40:20 PM Intento localhost Clave Publica Enviada
18/01/2018 09:40:20 PM Intento localhost Claves recibidas
18/01/2018 09:40:20 PM Intento localhost Firma Claves Verificada
18/01/2018 09:40:20 PM Intento localhost Mensaje Encriptado Enviado
18/01/2018 09:40:22 PM Intento localhost Conectado con el servidor
18/01/2018 09:40:22 PM Intento localhost Clave Publica Enviada
18/01/2018 09:40:22 PM Intento localhost Claves recibidas
18/01/2018 09:40:22 PM Intento localhost Firma Claves Verificada
18/01/2018 09:40:22 PM Intento localhost Mensaje Encriptado Enviado
18/01/2018 09:40:30 PM Intento localhost Conectado con el servidor
18/01/2018 09:40:30 PM Intento localhost Clave Publica Enviada
18/01/2018 09:40:30 PM Intento localhost Claves recibidas
18/01/2018 09:40:30 PM Intento localhost Firma Claves Verificada
18/01/2018 09:40:30 PM Intento localhost Mensaje Encriptado Enviado
18/01/2018 09:46:50 PM Intento localhost Conectado con el servidor
18/01/2018 09:46:50 PM Intento localhost Clave Publica Enviada
18/01/2018 09:52:14 PM Intento localhost Conectado con el servidor
18/01/2018 09:52:14 PM Intento localhost Clave Publica Enviada
18/01/2018 09:54:04 PM Intento localhost Conectado con el servidor
18/01/2018 09:54:04 PM Intento localhost Clave Publica Enviada
18/01/2018 10:00:13 PM Intento localhost Conectado con el servidor
18/01/2018 10:00:13 PM Intento localhost Clave Publica Enviada
18/01/2018 10:00:47 PM Intento localhost Conectado con el servidor
18/01/2018 10:00:47 PM Intento localhost Clave Publica Enviada
18/01/2018 10:00:47 PM Intento localhost Claves recibidas
18/01/2018 10:00:47 PM Intento localhost Firma Claves Verificada
18/01/2018 10:00:47 PM Intento localhost Mensaje Encriptado Enviado
18/01/2018 10:00:51 PM Intento localhost Conectado con el servidor
18/01/2018 10:00:51 PM Intento localhost Clave Publica Enviada
18/01/2018 10:00:51 PM Intento localhost Claves recibidas
18/01/2018 10:00:51 PM Intento localhost Firma Claves Verificada
18/01/2018 10:00:51 PM Intento localhost Mensaje Encriptado Enviado
18/01/2018 10:00:55 PM Intento localhost Conectado con el servidor
18/01/2018 10:00:55 PM Intento localhost Clave Publica Enviada
18/01/2018 10:00:55 PM Intento localhost Claves recibidas
18/01/2018 10:00:55 PM Intento localhost Firma Claves Verificada
18/01/2018 10:00:55 PM Intento localhost Mensaje Encriptado Enviado
18/01/2018 10:02:21 PM Intento localhost Conectado con el servidor
18/01/2018 10:02:21 PM Intento localhost Clave Publica Enviada
18/01/2018 10:02:21 PM Intento localhost Claves recibidas
18/01/2018 10:02:21 PM Intento localhost Firma Claves Verificada
18/01/2018 10:02:21 PM Intento localhost Mensaje Encriptado Enviado
18/01/2018 10:04:09 PM Intento localhost Conectado con el servidor
18/01/2018 10:04:09 PM Intento localhost Clave Publica Enviada
18/01/2018 10:04:09 PM Intento localhost Claves recibidas
18/01/2018 10:04:09 PM Intento localhost Firma Claves Verificada
18/01/2018 10:04:09 PM Intento localhost Mensaje Encriptado Enviado
18/01/2018 10:04:55 PM Intento localhost Conectado con el servidor
18/01/2018 10:04:55 PM Intento localhost Clave Publica Enviada
18/01/2018 10:04:55 PM Intento localhost Claves recibidas
18/01/2018 10:04:55 PM Intento localhost Firma Claves Verificada
18/01/2018 10:04:55 PM Intento localhost Mensaje Encriptado Enviado
18/01/2018 10:05:00 PM Intento localhost Conectado con el servidor
18/01/2018 10:05:00 PM Intento localhost Clave Publica Enviada
18/01/2018 10:05:00 PM Intento localhost Claves recibidas
18/01/2018 10:05:00 PM Intento localhost Firma Claves Verificada
18/01/2018 10:05:00 PM Intento localhost Mensaje Encriptado Enviado
18/01/2018 10:06:37 PM Intento localhost Conectado con el servidor
18/01/2018 10:06:37 PM Intento localhost Clave Publica Enviada
18/01/2018 10:06:37 PM Intento localhost Claves recibidas
18/01/2018 10:06:37 PM Intento localhost Firma Claves Verificada
18/01/2018 10:06:37 PM Intento localhost Mensaje Encriptado Enviado
18/01/2018 10:08:25 PM Intento localhost Conectado con el servidor
18/01/2018 10:08:25 PM Intento localhost Clave Publica Enviada
18/01/2018 10:08:59 PM Intento localhost Conectado con el servidor
18/01/2018 10:08:59 PM Intento localhost Clave Publica Enviada
18/01/2018 10:08:59 PM Intento localhost Claves recibidas
18/01/2018 10:08:59 PM Intento localhost Firma Claves Verificada
18/01/2018 10:08:59 PM Intento localhost Mensaje Encriptado Enviado
18/01/2018 10:09:12 PM Intento localhost Conectado con el servidor
18/01/2018 10:09:12 PM Intento localhost Clave Publica Enviada
18/01/2018 10:09:12 PM Intento localhost Claves recibidas
18/01/2018 10:09:12 PM Intento localhost Firma Claves Verificada
18/01/2018 10:09:12 PM Intento localhost Mensaje Encriptado Enviado
18/01/2018 10:09:15 PM Intento localhost Conectado con el servidor
18/01/2018 10:09:15 PM Intento localhost Clave Publica Enviada
18/01/2018 10:09:15 PM Intento localhost Claves recibidas
18/01/2018 10:09:15 PM Intento localhost Firma Claves Verificada
18/01/2018 10:09:15 PM Intento localhost Mensaje Encriptado Enviado
18/01/2018 10:10:51 PM Intento localhost Conectado con el servidor
18/01/2018 10:10:51 PM Intento localhost Clave Publica Enviada
18/01/2018 10:10:51 PM Intento localhost Claves recibidas
18/01/2018 10:10:51 PM Intento localhost Firma Claves Verificada
18/01/2018 10:10:51 PM Intento localhost Mensaje Encriptado Enviado
18/01/2018 10:10:55 PM Intento localhost Conectado con el servidor
18/01/2018 10:10:55 PM Intento localhost Clave Publica Enviada
18/01/2018 10:13:09 PM Intento localhost Conectado con el servidor
18/01/2018 10:13:09 PM Intento localhost Clave Publica Enviada
18/01/2018 10:13:09 PM Intento localhost Claves recibidas
18/01/2018 10:13:09 PM Intento localhost Firma Claves Verificada
18/01/2018 10:13:09 PM Intento localhost Mensaje Encriptado Enviado
18/01/2018 10:13:12 PM Intento localhost Conectado con el servidor
18/01/2018 10:13:12 PM Intento localhost Clave Publica Enviada
18/01/2018 10:13:12 PM Intento localhost Claves recibidas
18/01/2018 10:13:12 PM Intento localhost Firma Claves Verificada
18/01/2018 10:13:12 PM Intento localhost Mensaje Encriptado Enviado
18/01/2018 10:13:14 PM Intento localhost Conectado con el servidor
18/01/2018 10:13:14 PM Intento localhost Clave Publica Enviada
18/01/2018 10:13:14 PM Intento localhost Claves recibidas
18/01/2018 10:13:14 PM Intento localhost Firma Claves Verificada
18/01/2018 10:13:14 PM Intento localhost Mensaje Encriptado Enviado
18/01/2018 10:13:16 PM Intento localhost Conectado con el servidor
18/01/2018 10:13:16 PM Intento localhost Clave Publica Enviada
18/01/2018 10:13:16 PM Intento localhost Claves recibidas
18/01/2018 10:13:16 PM Intento localhost Firma Claves Verificada
18/01/2018 10:13:16 PM Intento localhost Mensaje Encriptado Enviado
18/01/2018 10:13:18 PM Intento localhost Conectado con el servidor
18/01/2018 10:13:18 PM Intento localhost Clave Publica Enviada
18/01/2018 10:13:18 PM Intento localhost Claves recibidas
18/01/2018 10:13:18 PM Intento localhost Firma Claves Verificada
18/01/2018 10:13:18 PM Intento localhost Mensaje Encriptado Enviado
18/01/2018 10:13:19 PM Intento localhost Conectado con el servidor
18/01/2018 10:13:19 PM Intento localhost Clave Publica Enviada
18/01/2018 10:13:19 PM Intento localhost Claves recibidas
18/01/2018 10:13:19 PM Intento localhost Firma Claves Verificada
18/01/2018 10:13:19 PM Intento localhost Mensaje Encriptado Enviado
18/01/2018 10:13:21 PM Intento localhost Conectado con el servidor
18/01/2018 10:13:21 PM Intento localhost Clave Publica Enviada
18/01/2018 10:13:21 PM Intento localhost Claves recibidas
18/01/2018 10:13:21 PM Intento localhost Firma Claves Verificada
18/01/2018 10:13:21 PM Intento localhost Mensaje Encriptado Enviado
18/01/2018 10:13:23 PM Intento localhost Conectado con el servidor
18/01/2018 10:13:23 PM Intento localhost Clave Publica Enviada
18/01/2018 10:13:23 PM Intento localhost Claves recibidas
18/01/2018 10:13:23 PM Intento localhost Firma Claves Verificada
18/01/2018 10:13:23 PM Intento localhost Mensaje Encriptado Enviado
18/01/2018 10:13:24 PM Intento localhost Conectado con el servidor
18/01/2018 10:13:24 PM Intento localhost Clave Publica Enviada
18/01/2018 10:13:24 PM Intento localhost Claves recibidas
18/01/2018 10:13:24 PM Intento localhost Firma Claves Verificada
18/01/2018 10:13:24 PM Intento localhost Mensaje Encriptado Enviado
18/01/2018 10:13:26 PM Intento localhost Conectado con el servidor
18/01/2018 10:13:26 PM Intento localhost Clave Publica Enviada
18/01/2018 10:13:26 PM Intento localhost Claves recibidas
18/01/2018 10:13:26 PM Intento localhost Firma Claves Verificada
18/01/2018 10:13:26 PM Intento localhost Mensaje Encriptado Enviado
18/01/2018 10:13:28 PM Intento localhost Conectado con el servidor
18/01/2018 10:13:28 PM Intento localhost Clave Publica Enviada
18/01/2018 10:13:28 PM Intento localhost Claves recibidas
18/01/2018 10:13:28 PM Intento localhost Firma Claves Verificada
18/01/2018 10:13:28 PM Intento localhost Mensaje Encriptado Enviado
18/01/2018 10:13:29 PM Intento localhost Conectado con el servidor
18/01/2018 10:13:29 PM Intento localhost Clave Publica Enviada
18/01/2018 10:13:30 PM Intento localhost Claves recibidas
18/01/2018 10:13:30 PM Intento localhost Firma Claves Verificada
18/01/2018 10:13:30 PM Intento localhost Mensaje Encriptado Enviado
18/01/2018 10:13:31 PM Intento localhost Conectado con el servidor
18/01/2018 10:13:31 PM Intento localhost Clave Publica Enviada
18/01/2018 10:13:31 PM Intento localhost Claves recibidas
18/01/2018 10:13:31 PM Intento localhost Firma Claves Verificada
18/01/2018 10:13:31 PM Intento localhost Mensaje Encriptado Enviado
18/01/2018 10:46:37 PM Intento localhost Conectado con el servidor
18/01/2018 10:46:37 PM Intento localhost Clave Publica Enviada
18/01/2018 10:46:37 PM Intento localhost Claves recibidas
18/01/2018 10:46:37 PM Intento localhost Firma Claves Verificada
18/01/2018 10:46:37 PM Intento localhost Mensaje Encriptado Enviado
18/01/2018 10:48:57 PM Intento localhost Conectado con el servidor
18/01/2018 10:48:57 PM Intento localhost Clave Publica Enviada
18/01/2018 10:48:57 PM Intento localhost Claves recibidas
18/01/2018 10:48:57 PM Intento localhost Firma Claves Verificada
18/01/2018 10:48:57 PM Intento localhost Mensaje Encriptado Enviado
18/01/2018 10:49:27 PM Intento localhost Conectado con el servidor
18/01/2018 10:49:27 PM Intento localhost Clave Publica Enviada
18/01/2018 10:52:33 PM Intento localhost Conectado con el servidor
18/01/2018 10:52:33 PM Intento localhost Clave Publica Enviada
18/01/2018 10:52:59 PM Intento localhost Conectado con el servidor
18/01/2018 10:52:59 PM Intento localhost Clave Publica Enviada
18/01/2018 10:54:07 PM Intento localhost Conectado con el servidor
18/01/2018 10:54:07 PM Intento localhost Clave Publica Enviada
18/01/2018 10:54:40 PM Intento localhost Conectado con el servidor
18/01/2018 10:54:40 PM Intento localhost Clave Publica Enviada
18/01/2018 11:02:06 PM Intento localhost Conectado con el servidor
18/01/2018 11:02:06 PM Intento localhost Clave Publica Enviada
18/01/2018 11:03:42 PM Intento localhost Conectado con el servidor
18/01/2018 11:03:42 PM Intento localhost Clave Publica Enviada
18/01/2018 11:05:22 PM Intento localhost Conectado con el servidor
18/01/2018 11:05:22 PM Intento localhost Clave Publica Enviada
18/01/2018 11:05:22 PM Intento localhost Claves recibidas
18/01/2018 11:05:22 PM Intento localhost Firma Claves Verificada
18/01/2018 11:05:22 PM Intento localhost Mensaje Encriptado Enviado
18/01/2018 11:06:15 PM Intento localhost Conectado con el servidor
18/01/2018 11:06:15 PM Intento localhost Clave Publica Enviada
18/01/2018 11:06:15 PM Intento localhost Claves recibidas
18/01/2018 11:06:15 PM Intento localhost Firma Claves Verificada
18/01/2018 11:06:15 PM Intento localhost Mensaje Encriptado Enviado
18/01/2018 11:07:55 PM Intento localhost Conectado con el servidor
18/01/2018 11:07:55 PM Intento localhost Clave Publica Enviada
18/01/2018 11:07:55 PM Intento localhost Claves recibidas
18/01/2018 11:07:55 PM Intento localhost Firma Claves Verificada
18/01/2018 11:07:55 PM Intento localhost Mensaje Encriptado Enviado
20/01/2018 01:08:22 AM Intento localhost Conectado con el servidor
20/01/2018 01:08:22 AM Intento localhost Clave Publica Enviada
20/01/2018 01:08:22 AM Intento localhost Claves recibidas
20/01/2018 01:08:22 AM Intento localhost Firma Claves Verificada
20/01/2018 01:08:22 AM Intento localhost Mensaje Encriptado Enviado
20/01/2018 01:08:25 AM Intento localhost Conectado con el servidor
20/01/2018 01:08:25 AM Intento localhost Clave Publica Enviada
20/01/2018 01:08:25 AM Intento localhost Claves recibidas
20/01/2018 01:08:25 AM Intento localhost Firma Claves Verificada
20/01/2018 01:08:25 AM Intento localhost Mensaje Encriptado Enviado
20/01/2018 01:08:27 AM Intento localhost Conectado con el servidor
20/01/2018 01:08:27 AM Intento localhost Clave Publica Enviada
20/01/2018 01:08:27 AM Intento localhost Claves recibidas
20/01/2018 01:08:27 AM Intento localhost Firma Claves Verificada
20/01/2018 01:08:27 AM Intento localhost Mensaje Encriptado Enviado
20/01/2018 01:08:29 AM Intento localhost Conectado con el servidor
20/01/2018 01:08:29 AM Intento localhost Clave Publica Enviada
20/01/2018 01:08:29 AM Intento localhost Claves recibidas
20/01/2018 01:08:29 AM Intento localhost Firma Claves Verificada
20/01/2018 01:08:29 AM Intento localhost Mensaje Encriptado Enviado
20/01/2018 01:08:30 AM Intento localhost Conectado con el servidor
20/01/2018 01:08:30 AM Intento localhost Clave Publica Enviada
20/01/2018 01:08:30 AM Intento localhost Claves recibidas
20/01/2018 01:08:30 AM Intento localhost Firma Claves Verificada
20/01/2018 01:08:30 AM Intento localhost Mensaje Encriptado Enviado
20/01/2018 01:08:32 AM Intento localhost Conectado con el servidor
20/01/2018 01:08:32 AM Intento localhost Clave Publica Enviada
20/01/2018 01:08:32 AM Intento localhost Claves recibidas
20/01/2018 01:08:32 AM Intento localhost Firma Claves Verificada
20/01/2018 01:08:32 AM Intento localhost Mensaje Encriptado Enviado
20/01/2018 03:57:52 PM Intento 192.168.0.100 Conectado con el servidor
20/01/2018 03:57:52 PM Intento 192.168.0.100 Clave Publica Enviada
20/01/2018 03:57:52 PM Intento 192.168.0.100 <class 'socket.error'>
20/01/2018 04:02:01 PM Intento 192.168.0.100 Conectado con el servidor
20/01/2018 04:02:01 PM Intento 192.168.0.100 Clave Publica Enviada
20/01/2018 04:02:01 PM Intento 192.168.0.100 <class 'socket.error'>
20/01/2018 04:09:00 PM Intento localhost Conectado con el servidor
20/01/2018 04:09:00 PM Intento localhost Clave Publica Enviada
20/01/2018 04:09:00 PM Intento localhost Claves recibidas
20/01/2018 04:09:00 PM Intento localhost Firma Claves Verificada
20/01/2018 04:09:00 PM Intento localhost Mensaje Encriptado Enviado
20/01/2018 04:14:02 PM Intento localhost Conectado con el servidor
20/01/2018 04:14:02 PM Intento localhost Clave Publica Enviada
20/01/2018 04:14:02 PM Intento localhost Claves recibidas
20/01/2018 04:14:02 PM Intento localhost Firma Claves Verificada
20/01/2018 04:14:02 PM Intento localhost Mensaje Encriptado Enviado
20/01/2018 04:14:06 PM Intento localhost Conectado con el servidor
20/01/2018 04:14:06 PM Intento localhost Clave Publica Enviada
20/01/2018 04:14:06 PM Intento localhost Claves recibidas
20/01/2018 04:14:06 PM Intento localhost Firma Claves Verificada
20/01/2018 04:14:06 PM Intento localhost Mensaje Encriptado Enviado
20/01/2018 04:24:41 PM Intento localhost Conectado con el servidor
20/01/2018 04:24:41 PM Intento localhost Clave Publica Enviada
20/01/2018 04:24:41 PM Intento localhost Claves recibidas
20/01/2018 04:24:41 PM Intento localhost Firma Claves Verificada
20/01/2018 04:24:41 PM Intento localhost Mensaje Encriptado Enviado
20/01/2018 04:24:57 PM Intento localhost Conectado con el servidor
20/01/2018 04:24:57 PM Intento localhost Clave Publica Enviada
20/01/2018 04:24:57 PM Intento localhost Claves recibidas
20/01/2018 04:24:57 PM Intento localhost Firma Claves Verificada
20/01/2018 04:24:57 PM Intento localhost Mensaje Encriptado Enviado
